<?xml version="1.0" encoding="UTF-8"?>
<!-- Generated by org.testng.reporters.JUnitReportReporter -->
<testsuite name="Listener.PHPTravels" tests="1" time="118.795" ignored="0" failures="0" timestamp="25 Aug 2021 10:02:09 GMT" skipped="0" hostname="LP-PF2Y2PTF" errors="0">
  <testcase name="test" time="118.795" classname="Listener.PHPTravels"/>
</testsuite> <!-- Listener.PHPTravels -->
