<?xml version="1.0" encoding="UTF-8"?>
<!-- Generated by org.testng.reporters.JUnitReportReporter -->
<testsuite name="com.advanced.Apachepoi" tests="1" time="9.706" ignored="0" failures="0" timestamp="25 Aug 2021 04:25:14 GMT" skipped="0" hostname="LP-PF2Y2PTF" errors="0">
  <testcase name="f" time="9.706" classname="com.advanced.Apachepoi"/>
</testsuite> <!-- com.advanced.Apachepoi -->
