<?xml version="1.0" encoding="UTF-8"?>
<!-- Generated by org.testng.reporters.JUnitReportReporter -->
<testsuite name="com.advanced.Datepicker_Scrollpage" tests="1" time="10.502" ignored="0" failures="0" timestamp="16 Aug 2021 05:14:22 GMT" skipped="0" hostname="LP-PF2Y2PTF" errors="0">
  <testcase name="f" time="10.502" classname="com.advanced.Datepicker_Scrollpage"/>
</testsuite> <!-- com.advanced.Datepicker_Scrollpage -->
