<?xml version="1.0" encoding="UTF-8"?>
<!-- Generated by org.testng.reporters.JUnitReportReporter -->
<testsuite name="com.advanced.tooltip1" tests="1" time="4.842" ignored="0" failures="0" timestamp="19 Aug 2021 05:03:59 GMT" skipped="0" hostname="LP-PF2Y2PTF" errors="0">
  <testcase name="f" time="4.842" classname="com.advanced.tooltip1"/>
</testsuite> <!-- com.advanced.tooltip1 -->
