<?xml version="1.0" encoding="UTF-8"?>
<!-- Generated by org.testng.reporters.JUnitReportReporter -->
<testsuite name="com.advanced.Cookies" tests="1" time="9.438" ignored="0" failures="0" timestamp="24 Aug 2021 05:07:14 GMT" skipped="0" hostname="LP-PF2Y2PTF" errors="0">
  <testcase name="f" time="9.438" classname="com.advanced.Cookies"/>
</testsuite> <!-- com.advanced.Cookies -->
