<?xml version="1.0" encoding="UTF-8"?>
<!-- Generated by org.testng.reporters.JUnitReportReporter -->
<testsuite name="com.advanced.Tooltip" tests="1" time="8.001" ignored="0" failures="0" timestamp="19 Aug 2021 06:23:38 GMT" skipped="0" hostname="LP-PF2Y2PTF" errors="0">
  <testcase name="f" time="8.001" classname="com.advanced.Tooltip"/>
</testsuite> <!-- com.advanced.Tooltip -->
