<?xml version="1.0" encoding="UTF-8"?>
<!-- Generated by org.testng.reporters.JUnitReportReporter -->
<testsuite name="com.advanced.ReadandWriteExcel" tests="1" time="12.141" ignored="0" failures="0" timestamp="16 Aug 2021 11:37:30 GMT" skipped="0" hostname="LP-PF2Y2PTF" errors="0">
  <testcase name="f" time="12.141" classname="com.advanced.ReadandWriteExcel"/>
</testsuite> <!-- com.advanced.ReadandWriteExcel -->
