<?xml version="1.0" encoding="UTF-8"?>
<!-- Generated by org.testng.reporters.JUnitReportReporter -->
<testsuite name="com.advanced.Selenium_Webdriver" tests="1" time="25.213" ignored="0" failures="0" timestamp="12 Aug 2021 10:03:29 GMT" skipped="0" hostname="LP-PF2Y2PTF" errors="0">
  <testcase name="f" time="25.213" classname="com.advanced.Selenium_Webdriver"/>
</testsuite> <!-- com.advanced.Selenium_Webdriver -->
