<?xml version="1.0" encoding="UTF-8"?>
<!-- Generated by org.testng.reporters.JUnitReportReporter -->
<testsuite name="com.advanced.FileUploadAndDownload" tests="1" time="26.548" ignored="0" failures="0" timestamp="17 Aug 2021 09:00:25 GMT" skipped="0" hostname="LP-PF2Y2PTF" errors="0">
  <testcase name="f" time="26.548" classname="com.advanced.FileUploadAndDownload"/>
</testsuite> <!-- com.advanced.FileUploadAndDownload -->
