<?xml version="1.0" encoding="UTF-8"?>
<!-- Generated by org.testng.reporters.JUnitReportReporter -->
<testsuite hostname="LP-PF2Y2PTF" name="com.example1.TextBox" tests="1" failures="0" timestamp="9 Aug 2021 06:12:06 GMT" time="10.762" errors="0">
  <testcase name="f" time="10.762" classname="com.example1.TextBox"/>
</testsuite> <!-- com.example1.TextBox -->
