<?xml version="1.0" encoding="UTF-8"?>
<!-- Generated by org.testng.reporters.JUnitReportReporter -->
<testsuite hostname="LP-PF2Y2PTF" name="com.example1.Button" tests="1" failures="0" timestamp="6 Aug 2021 07:12:57 GMT" time="6.650" errors="0">
  <testcase name="f" time="6.650" classname="com.example1.Button"/>
</testsuite> <!-- com.example1.Button -->
