<?xml version="1.0" encoding="UTF-8"?>
<!-- Generated by org.testng.reporters.JUnitReportReporter -->
<testsuite hostname="LP-PF2Y2PTF" name="com.example1.Windows" tests="1" failures="0" timestamp="10 Aug 2021 09:56:10 GMT" time="20.144" errors="0">
  <testcase name="f" time="20.144" classname="com.example1.Windows"/>
</testsuite> <!-- com.example1.Windows -->
