<?xml version="1.0" encoding="UTF-8"?>
<!-- Generated by org.testng.reporters.JUnitReportReporter -->
<testsuite hostname="LP-PF2Y2PTF" name="com.example1.Frames" tests="1" failures="0" timestamp="10 Aug 2021 13:55:54 GMT" time="19.006" errors="0">
  <testcase name="f" time="19.006" classname="com.example1.Frames"/>
</testsuite> <!-- com.example1.Frames -->
