<?xml version="1.0" encoding="UTF-8"?>
<!-- Generated by org.testng.reporters.JUnitReportReporter -->
<testsuite hostname="LP-PF2Y2PTF" name="com.example1.Test_1" tests="7" failures="0" timestamp="4 Aug 2021 08:51:58 GMT" time="0.000" errors="0">
  <testcase name="sample4" time="0.000" classname="com.example1.Test_1"/>
  <testcase name="sample6" time="0.000" classname="com.example1.Test_1"/>
  <testcase name="sample8" time="0.000" classname="com.example1.Test_1"/>
  <testcase name="sample1" time="0.000" classname="com.example1.Test_1"/>
  <testcase name="sample2" time="0.000" classname="com.example1.Test_1"/>
  <testcase name="sample3" time="0.000" classname="com.example1.Test_1"/>
  <testcase name="sample7" time="0.000" classname="com.example1.Test_1"/>
</testsuite> <!-- com.example1.Test_1 -->
