<?xml version="1.0" encoding="UTF-8"?>
<!-- Generated by org.testng.reporters.JUnitReportReporter -->
<testsuite hostname="LP-PF2Y2PTF" name="com.example1.Alerts" tests="1" failures="0" timestamp="9 Aug 2021 04:57:01 GMT" time="47.888" errors="0">
  <testcase name="f" time="47.888" classname="com.example1.Alerts"/>
</testsuite> <!-- com.example1.Alerts -->
