<?xml version="1.0" encoding="UTF-8"?>
<!-- Generated by org.testng.reporters.JUnitReportReporter -->
<testsuite hostname="LP-PF2Y2PTF" name="com.example1.Waits" tests="1" failures="0" timestamp="10 Aug 2021 14:02:21 GMT" time="21.461" errors="0">
  <testcase name="f" time="21.461" classname="com.example1.Waits"/>
</testsuite> <!-- com.example1.Waits -->
