<?xml version="1.0" encoding="UTF-8"?>
<!-- Generated by org.testng.reporters.JUnitReportReporter -->
<testsuite hostname="LP-PF2Y2PTF" name="com.example1.CalculatorTest" tests="4" failures="0" timestamp="3 Aug 2021 11:33:09 GMT" time="0.016" errors="0">
  <testcase name="add" time="0.016" classname="com.example1.CalculatorTest"/>
  <testcase name="sub" time="0.000" classname="com.example1.CalculatorTest"/>
  <testcase name="sub" time="0.000" classname="com.example1.CalculatorTest"/>
  <testcase name="add" time="0.000" classname="com.example1.CalculatorTest"/>
</testsuite> <!-- com.example1.CalculatorTest -->
