<?xml version="1.0" encoding="UTF-8"?>
<!-- Generated by org.testng.reporters.JUnitReportReporter -->
<testsuite hostname="LP-PF2Y2PTF" name="com.example1.Selenium_Webdriver" tests="1" failures="0" timestamp="10 Aug 2021 10:06:12 GMT" time="5.581" errors="0">
  <testcase name="f" time="5.581" classname="com.example1.Selenium_Webdriver"/>
</testsuite> <!-- com.example1.Selenium_Webdriver -->
