<?xml version="1.0" encoding="UTF-8"?>
<!-- Generated by org.testng.reporters.JUnitReportReporter -->
<testsuite hostname="LP-PF2Y2PTF" name="com.example1.CheckBox" tests="1" failures="0" timestamp="9 Aug 2021 05:48:50 GMT" time="9.137" errors="0">
  <testcase name="f" time="9.137" classname="com.example1.CheckBox"/>
</testsuite> <!-- com.example1.CheckBox -->
