<?xml version="1.0" encoding="UTF-8"?>
<!-- Generated by org.testng.reporters.JUnitReportReporter -->
<testsuite hostname="LP-PF2Y2PTF" name="com.example1.DropDown" tests="1" failures="0" timestamp="25 Aug 2021 11:46:07 GMT" time="11.036" errors="0">
  <testcase name="f" time="11.036" classname="com.example1.DropDown"/>
</testsuite> <!-- com.example1.DropDown -->
