<?xml version="1.0" encoding="UTF-8"?>
<!-- Generated by org.testng.reporters.JUnitReportReporter -->
<testsuite hostname="LP-PF2Y2PTF" name="com.example1.ActionTest" tests="1" failures="0" timestamp="10 Aug 2021 08:13:24 GMT" time="5.515" errors="0">
  <testcase name="f" time="5.515" classname="com.example1.ActionTest"/>
</testsuite> <!-- com.example1.ActionTest -->
