<?xml version="1.0" encoding="UTF-8"?>
<!-- Generated by org.testng.reporters.JUnitReportReporter -->
<testsuite hostname="LP-PF2Y2PTF" name="com.example1.Test_2" tests="1" failures="0" timestamp="3 Aug 2021 11:07:31 GMT" time="0.000" errors="0">
  <testcase name="SampleTest2" time="0.000" classname="com.example1.Test_2"/>
</testsuite> <!-- com.example1.Test_2 -->
